# JRE version: OpenJDK Runtime Environment (22.0.1+8) (build 22.0.1+8-16)
# Java VM: OpenJDK 64-Bit Server VM (22.0.1+8-16, mixed mode, sharing, tiered, compressed oops, compressed class ptrs, g1 gc, windows-amd64)
GC Precious Log:
 CardTable entry size: 512
 Card Set container configuration: InlinePtr #cards 5 size 8 Array Of Cards #cards 12 size 40 Howl #buckets 4 coarsen threshold 1843 Howl Bitmap #cards 512 size 80 coarsen threshold 460 Card regions per heap region 1 cards per card region 2048
 CPUs: 8 total, 8 available
 Memory: 7999M
 Large Page Support: Disabled
 NUMA Support: Disabled
 Compressed Oops: Enabled (32-bit)
 Heap Region Size: 1M
 Heap Min Capacity: 8M
 Heap Initial Capacity: 126M
 Heap Max Capacity: 2000M
 Pre-touch: Disabled
 Parallel Workers: 8
 Concurrent Workers: 2
 Concurrent Refinement Workers: 8
 Periodic GC: Disabled
Heap:
 garbage-first heap   total reserved 2048000K, committed 61440K, used 48160K [0x0000000083000000, 0x0000000100000000)
  region size 1024K, 17 young (17408K), 3 survivors (3072K)
 Metaspace       used 71517K, committed 72512K, reserved 1114112K
  class space    used 9567K, committed 9984K, reserved 1048576K
GC Heap History (20 events):
Event: 4.539 GC heap before
{Heap before GC invocations=6 (full 0):
 garbage-first heap   total reserved 2048000K, committed 51200K, used 39714K [0x0000000083000000, 0x0000000100000000)
  region size 1024K, 25 young (25600K), 3 survivors (3072K)
 Metaspace       used 34926K, committed 35456K, reserved 1114112K
  class space    used 4550K, committed 4800K, reserved 1048576K
}
Event: 4.542 GC heap after
{Heap after GC invocations=7 (full 0):
 garbage-first heap   total reserved 2048000K, committed 51200K, used 19649K [0x0000000083000000, 0x0000000100000000)
  region size 1024K, 2 young (2048K), 2 survivors (2048K)
 Metaspace       used 34926K, committed 35456K, reserved 1114112K
  class space    used 4550K, committed 4800K, reserved 1048576K
}
Event: 4.591 GC heap before
{Heap before GC invocations=7 (full 0):
 garbage-first heap   total reserved 2048000K, committed 51200K, used 21697K [0x0000000083000000, 0x0000000100000000)
  region size 1024K, 5 young (5120K), 2 survivors (2048K)
 Metaspace       used 35417K, committed 35968K, reserved 1114112K
  class space    used 4655K, committed 4928K, reserved 1048576K
}
Event: 4.593 GC heap after
{Heap after GC invocations=8 (full 0):
 garbage-first heap   total reserved 2048000K, committed 51200K, used 19691K [0x0000000083000000, 0x0000000100000000)
  region size 1024K, 2 young (2048K), 2 survivors (2048K)
 Metaspace       used 35417K, committed 35968K, reserved 1114112K
  class space    used 4655K, committed 4928K, reserved 1048576K
}
Event: 5.565 GC heap before
{Heap before GC invocations=9 (full 0):
 garbage-first heap   total reserved 2048000K, committed 51200K, used 42219K [0x0000000083000000, 0x0000000100000000)
  region size 1024K, 25 young (25600K), 2 survivors (2048K)
 Metaspace       used 45116K, committed 45696K, reserved 1114112K
  class space    used 5856K, committed 6144K, reserved 1048576K
}
Event: 5.569 GC heap after
{Heap after GC invocations=10 (full 0):
 garbage-first heap   total reserved 2048000K, committed 61440K, used 22206K [0x0000000083000000, 0x0000000100000000)
  region size 1024K, 4 young (4096K), 4 survivors (4096K)
 Metaspace       used 45116K, committed 45696K, reserved 1114112K
  class space    used 5856K, committed 6144K, reserved 1048576K
}
Event: 6.536 GC heap before
{Heap before GC invocations=10 (full 0):
 garbage-first heap   total reserved 2048000K, committed 61440K, used 51902K [0x0000000083000000, 0x0000000100000000)
  region size 1024K, 34 young (34816K), 4 survivors (4096K)
 Metaspace       used 53551K, committed 54144K, reserved 1114112K
  class space    used 7153K, committed 7424K, reserved 1048576K
}
Event: 6.540 GC heap after
{Heap after GC invocations=11 (full 0):
 garbage-first heap   total reserved 2048000K, committed 61440K, used 23692K [0x0000000083000000, 0x0000000100000000)
  region size 1024K, 5 young (5120K), 5 survivors (5120K)
 Metaspace       used 53551K, committed 54144K, reserved 1114112K
  class space    used 7153K, committed 7424K, reserved 1048576K
}
Event: 7.123 GC heap before
{Heap before GC invocations=11 (full 0):
 garbage-first heap   total reserved 2048000K, committed 61440K, used 52364K [0x0000000083000000, 0x0000000100000000)
  region size 1024K, 33 young (33792K), 5 survivors (5120K)
 Metaspace       used 57963K, committed 58560K, reserved 1114112K
  class space    used 7813K, committed 8064K, reserved 1048576K
}
Event: 7.127 GC heap after
{Heap after GC invocations=12 (full 0):
 garbage-first heap   total reserved 2048000K, committed 61440K, used 25038K [0x0000000083000000, 0x0000000100000000)
  region size 1024K, 4 young (4096K), 4 survivors (4096K)
 Metaspace       used 57963K, committed 58560K, reserved 1114112K
  class space    used 7813K, committed 8064K, reserved 1048576K
}
Event: 16.540 GC heap before
{Heap before GC invocations=12 (full 0):
 garbage-first heap   total reserved 2048000K, committed 61440K, used 35278K [0x0000000083000000, 0x0000000100000000)
  region size 1024K, 15 young (15360K), 4 survivors (4096K)
 Metaspace       used 59586K, committed 60160K, reserved 1114112K
  class space    used 7981K, committed 8256K, reserved 1048576K
}
Event: 16.544 GC heap after
{Heap after GC invocations=13 (full 0):
 garbage-first heap   total reserved 2048000K, committed 61440K, used 26060K [0x0000000083000000, 0x0000000100000000)
  region size 1024K, 3 young (3072K), 3 survivors (3072K)
 Metaspace       used 59586K, committed 60160K, reserved 1114112K
  class space    used 7981K, committed 8256K, reserved 1048576K
}
Event: 17.203 GC heap before
{Heap before GC invocations=14 (full 0):
 garbage-first heap   total reserved 2048000K, committed 61440K, used 53708K [0x0000000083000000, 0x0000000100000000)
  region size 1024K, 30 young (30720K), 3 survivors (3072K)
 Metaspace       used 63350K, committed 64000K, reserved 1114112K
  class space    used 8536K, committed 8832K, reserved 1048576K
}
Event: 17.207 GC heap after
{Heap after GC invocations=15 (full 0):
 garbage-first heap   total reserved 2048000K, committed 61440K, used 28939K [0x0000000083000000, 0x0000000100000000)
  region size 1024K, 4 young (4096K), 4 survivors (4096K)
 Metaspace       used 63350K, committed 64000K, reserved 1114112K
  class space    used 8536K, committed 8832K, reserved 1048576K
}
Event: 76.720 GC heap before
{Heap before GC invocations=15 (full 0):
 garbage-first heap   total reserved 2048000K, committed 61440K, used 53515K [0x0000000083000000, 0x0000000100000000)
  region size 1024K, 28 young (28672K), 4 survivors (4096K)
 Metaspace       used 66591K, committed 67328K, reserved 1114112K
  class space    used 8950K, committed 9280K, reserved 1048576K
}
Event: 76.727 GC heap after
{Heap after GC invocations=16 (full 0):
 garbage-first heap   total reserved 2048000K, committed 61440K, used 31175K [0x0000000083000000, 0x0000000100000000)
  region size 1024K, 3 young (3072K), 3 survivors (3072K)
 Metaspace       used 66591K, committed 67328K, reserved 1114112K
  class space    used 8950K, committed 9280K, reserved 1048576K
}
Event: 3531.379 GC heap before
{Heap before GC invocations=16 (full 0):
 garbage-first heap   total reserved 2048000K, committed 61440K, used 53703K [0x0000000083000000, 0x0000000100000000)
  region size 1024K, 26 young (26624K), 3 survivors (3072K)
 Metaspace       used 71529K, committed 72256K, reserved 1114112K
  class space    used 9639K, committed 9984K, reserved 1048576K
}
Event: 3531.484 GC heap after
{Heap after GC invocations=17 (full 0):
 garbage-first heap   total reserved 2048000K, committed 61440K, used 32825K [0x0000000083000000, 0x0000000100000000)
  region size 1024K, 2 young (2048K), 2 survivors (2048K)
 Metaspace       used 71529K, committed 72256K, reserved 1114112K
  class space    used 9639K, committed 9984K, reserved 1048576K
}
Event: 10715.020 GC heap before
{Heap before GC invocations=18 (full 0):
 garbage-first heap   total reserved 2048000K, committed 61440K, used 53305K [0x0000000083000000, 0x0000000100000000)
  region size 1024K, 23 young (23552K), 2 survivors (2048K)
 Metaspace       used 71423K, committed 72448K, reserved 1114112K
  class space    used 9566K, committed 9984K, reserved 1048576K
}
Event: 10715.137 GC heap after
{Heap after GC invocations=19 (full 0):
 garbage-first heap   total reserved 2048000K, committed 61440K, used 34848K [0x0000000083000000, 0x0000000100000000)
  region size 1024K, 3 young (3072K), 3 survivors (3072K)
 Metaspace       used 71423K, committed 72448K, reserved 1114112K
  class space    used 9566K, committed 9984K, reserved 1048576K
}

